\BOOKMARK [1][-]{section.1}{INTRODUCTION}{}% 1
\BOOKMARK [2][-]{subsection.1.1}{Purpose}{section.1}% 2
\BOOKMARK [2][-]{subsection.1.2}{Definitions and Abbreviations}{section.1}% 3
\BOOKMARK [1][-]{section.2}{FP ESTIMATION}{}% 4
\BOOKMARK [2][-]{subsection.2.1}{Breve Introduction}{section.2}% 5
\BOOKMARK [2][-]{subsection.2.2}{Internal Logic Files}{section.2}% 6
\BOOKMARK [2][-]{subsection.2.3}{External Interface Files}{section.2}% 7
\BOOKMARK [3][-]{subsubsection.2.3.1}{External Input}{subsection.2.3}% 8
\BOOKMARK [3][-]{subsubsection.2.3.2}{External Output}{subsection.2.3}% 9
\BOOKMARK [3][-]{subsubsection.2.3.3}{External Inquiries}{subsection.2.3}% 10
\BOOKMARK [3][-]{subsubsection.2.3.4}{Final Estimation}{subsection.2.3}% 11
\BOOKMARK [1][-]{section.3}{EFFORT AND COST ESTIMATION}{}% 12
\BOOKMARK [2][-]{subsubsection.3.0.1}{Introduction of COCOMO}{section.3}% 13
\BOOKMARK [3][-]{subsubsection.3.0.2}{Scale Drivers}{subsubsection.3.0.1}% 14
\BOOKMARK [3][-]{subsubsection.3.0.3}{Cost Drivers}{subsubsection.3.0.1}% 15
\BOOKMARK [3][-]{subsubsection.3.0.4}{Effort Estimation}{subsubsection.3.0.1}% 16
\BOOKMARK [1][-]{section.4}{RISKS AND RECOVERIES}{}% 17
\BOOKMARK [2][-]{subsubsection.4.0.1}{Project Risk}{section.4}% 18
\BOOKMARK [3][-]{subsubsection.4.0.2}{Market Risk}{subsubsection.4.0.1}% 19
\BOOKMARK [3][-]{subsubsection.4.0.3}{Staff Experience}{subsubsection.4.0.1}% 20
\BOOKMARK [1][-]{section.5}{EFFORT SPENT}{}% 21
\BOOKMARK [1][-]{section.6}{REFERENCES}{}% 22
\BOOKMARK [2][-]{subsection.6.1}{Reference Documents}{section.6}% 23
\BOOKMARK [2][-]{subsection.6.2}{Used Tools}{section.6}% 24
