\BOOKMARK [1][-]{section.1}{INTRODUCTION}{}% 1
\BOOKMARK [2][-]{subsection.1.1}{Purpose}{section.1}% 2
\BOOKMARK [2][-]{subsection.1.2}{Scope}{section.1}% 3
\BOOKMARK [2][-]{subsection.1.3}{Glossary}{section.1}% 4
\BOOKMARK [1][-]{section.2}{INTEGRATION STRATEGY}{}% 5
\BOOKMARK [2][-]{subsection.2.1}{Entry Criteria}{section.2}% 6
\BOOKMARK [2][-]{subsection.2.2}{Elements to be integrated}{section.2}% 7
\BOOKMARK [3][-]{subsubsection.2.2.1}{GUI Tier}{subsection.2.2}% 8
\BOOKMARK [3][-]{subsubsection.2.2.2}{Application Tier}{subsection.2.2}% 9
\BOOKMARK [3][-]{subsubsection.2.2.3}{Data Tier}{subsection.2.2}% 10
\BOOKMARK [3][-]{subsubsection.2.2.4}{External Components}{subsection.2.2}% 11
\BOOKMARK [2][-]{subsection.2.3}{Integration Test Strategy}{section.2}% 12
\BOOKMARK [3][-]{subsubsection.2.3.1}{System Partition}{subsection.2.3}% 13
\BOOKMARK [3][-]{subsubsection.2.3.2}{Integration Process}{subsection.2.3}% 14
\BOOKMARK [3][-]{subsubsection.2.3.3}{Strategy Comparison}{subsection.2.3}% 15
\BOOKMARK [2][-]{subsection.2.4}{Sequence of Components}{section.2}% 16
\BOOKMARK [3][-]{subsubsection.2.4.1}{Application Server}{subsection.2.4}% 17
\BOOKMARK [3][-]{subsubsection.2.4.2}{Mobile Client}{subsection.2.4}% 18
\BOOKMARK [3][-]{subsubsection.2.4.3}{On-Board Client}{subsection.2.4}% 19
\BOOKMARK [3][-]{subsubsection.2.4.4}{Overall System}{subsection.2.4}% 20
\BOOKMARK [3][-]{subsubsection.2.4.5}{Integration Order}{subsection.2.4}% 21
\BOOKMARK [1][-]{section.3}{INDIVIDUAL STEP AND TEST DESCRIPTION}{}% 22
\BOOKMARK [2][-]{subsection.3.1}{Application Server}{section.3}% 23
\BOOKMARK [3][-]{subsubsection.3.1.1}{DBMS Integration Test}{subsection.3.1}% 24
\BOOKMARK [3][-]{subsubsection.3.1.2}{Notification Manager Integration Test}{subsection.3.1}% 25
\BOOKMARK [3][-]{subsubsection.3.1.3}{Data Layer Integration Test}{subsection.3.1}% 26
\BOOKMARK [3][-]{subsubsection.3.1.4}{Available Car Manager Integration Test}{subsection.3.1}% 27
\BOOKMARK [3][-]{subsubsection.3.1.5}{Ride Manager Integration Test}{subsection.3.1}% 28
\BOOKMARK [3][-]{subsubsection.3.1.6}{Account Manager Integration Test}{subsection.3.1}% 29
\BOOKMARK [3][-]{subsubsection.3.1.7}{Optimal Path Calculator Integration Test}{subsection.3.1}% 30
\BOOKMARK [3][-]{subsubsection.3.1.8}{Payment Manager Integration Test}{subsection.3.1}% 31
\BOOKMARK [3][-]{subsubsection.3.1.9}{On-Board APP Facade Integration Test}{subsection.3.1}% 32
\BOOKMARK [3][-]{subsubsection.3.1.10}{Reservation Manager Integration Test}{subsection.3.1}% 33
\BOOKMARK [3][-]{subsubsection.3.1.11}{Mobile APP Facade Integration Test}{subsection.3.1}% 34
\BOOKMARK [2][-]{subsection.3.2}{On-Board Client}{section.3}% 35
\BOOKMARK [3][-]{subsubsection.3.2.1}{On-Board System Integration Test}{subsection.3.2}% 36
\BOOKMARK [2][-]{subsection.3.3}{Mobile Client}{section.3}% 37
\BOOKMARK [3][-]{subsubsection.3.3.1}{Mobile APP Integration Test}{subsection.3.3}% 38
\BOOKMARK [1][-]{section.4}{TOOLS AND TEST EQUIPMENT REQUIRED}{}% 39
\BOOKMARK [2][-]{subsection.4.1}{Tools}{section.4}% 40
\BOOKMARK [3][-]{subsubsection.4.1.1}{JUnit}{subsection.4.1}% 41
\BOOKMARK [3][-]{subsubsection.4.1.2}{Arquillian}{subsection.4.1}% 42
\BOOKMARK [3][-]{subsubsection.4.1.3}{Database}{subsection.4.1}% 43
\BOOKMARK [2][-]{subsection.4.2}{Test Equipment}{section.4}% 44
\BOOKMARK [3][-]{subsubsection.4.2.1}{Mobile Phone}{subsection.4.2}% 45
\BOOKMARK [3][-]{subsubsection.4.2.2}{On-Board Embedded System}{subsection.4.2}% 46
\BOOKMARK [1][-]{section.5}{PROGRAM DRIVERS AND TEST DATA REQUIRED}{}% 47
\BOOKMARK [2][-]{subsection.5.1}{Program Drivers and Stubs}{section.5}% 48
\BOOKMARK [2][-]{subsection.5.2}{Test Database}{section.5}% 49
\BOOKMARK [1][-]{section.6}{EFFORT SPENT}{}% 50
\BOOKMARK [1][-]{section.7}{REFERENCES}{}% 51
\BOOKMARK [2][-]{subsection.7.1}{Reference Documents}{section.7}% 52
\BOOKMARK [2][-]{subsection.7.2}{Used Tools}{section.7}% 53
