\BOOKMARK [1][-]{section.1}{CODE DESCRIPTION}{}% 1
\BOOKMARK [2][-]{subsection.1.1}{Assigned Classes}{section.1}% 2
\BOOKMARK [3][-]{subsubsection.1.1.1}{RequirementServices.java}{subsection.1.1}% 3
\BOOKMARK [3][-]{subsubsection.1.1.2}{EntityEcaCondition.java}{subsection.1.1}% 4
\BOOKMARK [2][-]{subsection.1.2}{Introduction}{section.1}% 5
\BOOKMARK [3][-]{subsubsection.1.2.1}{Apache OFBiz}{subsection.1.2}% 6
\BOOKMARK [3][-]{subsubsection.1.2.2}{Order Manager}{subsection.1.2}% 7
\BOOKMARK [2][-]{subsection.1.3}{Functional Role of Classes}{section.1}% 8
\BOOKMARK [3][-]{subsubsection.1.3.1}{RequirementServices.java}{subsection.1.3}% 9
\BOOKMARK [3][-]{subsubsection.1.3.2}{EntityEcaCondition.java}{subsection.1.3}% 10
\BOOKMARK [1][-]{section.2}{INSPECTION RESULTS}{}% 11
\BOOKMARK [2][-]{subsection.2.1}{Issues of RequirementServices.java}{section.2}% 12
\BOOKMARK [3][-]{subsubsection.2.1.1}{Naming Conventions}{subsection.2.1}% 13
\BOOKMARK [3][-]{subsubsection.2.1.2}{Indention}{subsection.2.1}% 14
\BOOKMARK [3][-]{subsubsection.2.1.3}{Braces}{subsection.2.1}% 15
\BOOKMARK [3][-]{subsubsection.2.1.4}{File Organization}{subsection.2.1}% 16
\BOOKMARK [3][-]{subsubsection.2.1.5}{Wrapping Lines}{subsection.2.1}% 17
\BOOKMARK [3][-]{subsubsection.2.1.6}{Java Source Files}{subsection.2.1}% 18
\BOOKMARK [3][-]{subsubsection.2.1.7}{Output Format}{subsection.2.1}% 19
\BOOKMARK [2][-]{subsection.2.2}{Issues of EntityEcaCondition.java}{section.2}% 20
\BOOKMARK [3][-]{subsubsection.2.2.1}{Indention}{subsection.2.2}% 21
\BOOKMARK [3][-]{subsubsection.2.2.2}{Braces}{subsection.2.2}% 22
\BOOKMARK [3][-]{subsubsection.2.2.3}{File Organization}{subsection.2.2}% 23
\BOOKMARK [3][-]{subsubsection.2.2.4}{Wrapping Lines}{subsection.2.2}% 24
\BOOKMARK [3][-]{subsubsection.2.2.5}{Java Source Files}{subsection.2.2}% 25
\BOOKMARK [1][-]{section.3}{APPENDIX}{}% 26
\BOOKMARK [2][-]{subsection.3.1}{Software and Tools Used}{section.3}% 27
\BOOKMARK [2][-]{subsection.3.2}{Hours of Work}{section.3}% 28
\BOOKMARK [1][-]{section.4}{REFERENCES}{}% 29
